<?xml version="1.0" encoding="utf-8"?><testsuites><testsuite name="pytest" errors="0" failures="0" skipped="0" tests="11" time="1.205" timestamp="2024-02-25T18:15:00.807034" hostname="rsaa-080566"><testcase classname="src.tests.test_blackbody_flux.TestBlackbodyFlux" name="test_is_in_bounds_under_lower" time="0.183" /><testcase classname="src.tests.test_blackbody_flux.TestBlackbodyFlux" name="test_is_in_bounds" time="0.000" /><testcase classname="src.tests.test_blackbody_flux.TestBlackbodyFlux" name="test_to_parameters" time="0.022" /><testcase classname="src.tests.test_blackbody_flux.TestBlackbodyFlux" name="test_to_parameters_out_of_bounds" time="0.000" /><testcase classname="src.tests.test_transformer_payne.TestTransformerPayne" name="test_is_in_bounds_all_under_lower" time="0.051" /><testcase classname="src.tests.test_transformer_payne.TestTransformerPayne" name="test_is_in_bounds_all_over_upper" time="0.041" /><testcase classname="src.tests.test_transformer_payne.TestTransformerPayne" name="test_is_in_bounds_one_under_lower" time="0.046" /><testcase classname="src.tests.test_transformer_payne.TestTransformerPayne" name="test_is_in_bounds_one_over_upper" time="0.038" /><testcase classname="src.tests.test_transformer_payne.TestTransformerPayne" name="test_is_in_bounds" time="0.038" /><testcase classname="src.tests.test_transformer_payne.TestTransformerPayne" name="test_to_parameters_default_all_default" time="0.051" /><testcase classname="src.tests.test_transformer_payne.TestTransformerPayne" name="test_to_parameters_default_abundances_default" time="0.066" /></testsuite></testsuites>